<?xml version="1.0" encoding="UTF-8"?>
<!-- Generated by org.testng.reporters.JUnitReportReporter -->
<testsuite hostname="WL-CLWWG72" name="com.ai.qa.tests.LaunchLogin" tests="1" failures="0" timestamp="1 Mar 2018 02:27:54 GMT" time="15.413" errors="0">
  <testcase name="loginPageTest" time="15.413" classname="com.ai.qa.tests.LaunchLogin"/>
</testsuite> <!-- com.ai.qa.tests.LaunchLogin -->
