<?xml version="1.0" encoding="UTF-8"?>
<!-- Generated by org.testng.reporters.JUnitReportReporter -->
<testsuite hostname="WL-CLWWG72" name="com.ai.qa.runners.CreateActivityRunner" tests="1" failures="0" timestamp="26 Mar 2018 20:03:56 GMT" time="0.078" errors="0">
  <testcase name="feature" time="0.078" classname="com.ai.qa.runners.CreateActivityRunner"/>
</testsuite> <!-- com.ai.qa.runners.CreateActivityRunner -->
